Warning[205] D:\UV\VI SEMESTRE\MICROS_ACTUALIZADO\PROYECTO_INVERNADERO\INVERNADERO_V5_PWM_NOT0.ASM 1 : Found directive in column 1. (LIST)
Warning[205] D:\UV\VI SEMESTRE\MICROS_ACTUALIZADO\PROYECTO_INVERNADERO\INVERNADERO_V5_PWM_NOT0.ASM 2 : Found directive in column 1. (INCLUDE)
Warning[205] D:\UV\VI SEMESTRE\MICROS_ACTUALIZADO\PROYECTO_INVERNADERO\INVERNADERO_V5_PWM_NOT0.ASM 3 : Found directive in column 1. (__CONFIG)
Message[302] D:\UV\VI SEMESTRE\MICROS_ACTUALIZADO\PROYECTO_INVERNADERO\INVERNADERO_V5_PWM_NOT0.ASM 57 : Register in operand not in bank 0.  Ensure that bank bits are correct.
Message[302] D:\UV\VI SEMESTRE\MICROS_ACTUALIZADO\PROYECTO_INVERNADERO\INVERNADERO_V5_PWM_NOT0.ASM 58 : Register in operand not in bank 0.  Ensure that bank bits are correct.
Message[302] D:\UV\VI SEMESTRE\MICROS_ACTUALIZADO\PROYECTO_INVERNADERO\INVERNADERO_V5_PWM_NOT0.ASM 61 : Register in operand not in bank 0.  Ensure that bank bits are correct.
Message[302] D:\UV\VI SEMESTRE\MICROS_ACTUALIZADO\PROYECTO_INVERNADERO\INVERNADERO_V5_PWM_NOT0.ASM 85 : Register in operand not in bank 0.  Ensure that bank bits are correct.
Message[302] D:\UV\VI SEMESTRE\MICROS_ACTUALIZADO\PROYECTO_INVERNADERO\INVERNADERO_V5_PWM_NOT0.ASM 105 : Register in operand not in bank 0.  Ensure that bank bits are correct.
Message[302] D:\UV\VI SEMESTRE\MICROS_ACTUALIZADO\PROYECTO_INVERNADERO\INVERNADERO_V5_PWM_NOT0.ASM 122 : Register in operand not in bank 0.  Ensure that bank bits are correct.
Warning[203] D:\UV\VI SEMESTRE\MICROS_ACTUALIZADO\PROYECTO_INVERNADERO\INVERNADERO_V5_PWM_NOT0.ASM 126 : Found opcode in column 1. (goto)
Warning[203] D:\UV\VI SEMESTRE\MICROS_ACTUALIZADO\PROYECTO_INVERNADERO\INVERNADERO_V5_PWM_NOT0.ASM 163 : Found opcode in column 1. (goto)
Warning[203] D:\UV\VI SEMESTRE\MICROS_ACTUALIZADO\PROYECTO_INVERNADERO\INVERNADERO_V5_PWM_NOT0.ASM 181 : Found opcode in column 1. (return)
Warning[203] D:\UV\VI SEMESTRE\MICROS_ACTUALIZADO\PROYECTO_INVERNADERO\INVERNADERO_V5_PWM_NOT0.ASM 203 : Found opcode in column 1. (return)
Message[305] D:\UV\VI SEMESTRE\MICROS_ACTUALIZADO\PROYECTO_INVERNADERO\INVERNADERO_V5_PWM_NOT0.ASM 207 : Using default destination of 1 (file).
Warning[203] D:\UV\VI SEMESTRE\MICROS_ACTUALIZADO\PROYECTO_INVERNADERO\INVERNADERO_V5_PWM_NOT0.ASM 208 : Found opcode in column 1. (return)
Warning[203] D:\UV\VI SEMESTRE\MICROS_ACTUALIZADO\PROYECTO_INVERNADERO\INVERNADERO_V5_PWM_NOT0.ASM 226 : Found opcode in column 1. (return)
Warning[203] D:\UV\VI SEMESTRE\MICROS_ACTUALIZADO\PROYECTO_INVERNADERO\INVERNADERO_V5_PWM_NOT0.ASM 232 : Found opcode in column 1. (return)
Warning[207] D:\UV\VI SEMESTRE\MICROS_ACTUALIZADO\PROYECTO_INVERNADERO\INVERNADERO_V5_PWM_NOT0.ASM 236 : Found label after column 1. (M0)
Warning[207] D:\UV\VI SEMESTRE\MICROS_ACTUALIZADO\PROYECTO_INVERNADERO\INVERNADERO_V5_PWM_NOT0.ASM 238 : Found label after column 1. (M1)
Warning[207] D:\UV\VI SEMESTRE\MICROS_ACTUALIZADO\PROYECTO_INVERNADERO\INVERNADERO_V5_PWM_NOT0.ASM 240 : Found label after column 1. (M2)
Warning[207] D:\UV\VI SEMESTRE\MICROS_ACTUALIZADO\PROYECTO_INVERNADERO\INVERNADERO_V5_PWM_NOT0.ASM 242 : Found label after column 1. (M3)
Warning[203] D:\UV\VI SEMESTRE\MICROS_ACTUALIZADO\PROYECTO_INVERNADERO\INVERNADERO_V5_PWM_NOT0.ASM 251 : Found opcode in column 1. (return)
Warning[203] D:\UV\VI SEMESTRE\MICROS_ACTUALIZADO\PROYECTO_INVERNADERO\INVERNADERO_V5_PWM_NOT0.ASM 264 : Found opcode in column 1. (return)
Message[302] D:\UV\VI SEMESTRE\MICROS_ACTUALIZADO\PROYECTO_INVERNADERO\INVERNADERO_V5_PWM_NOT0.ASM 269 : Register in operand not in bank 0.  Ensure that bank bits are correct.
Message[302] D:\UV\VI SEMESTRE\MICROS_ACTUALIZADO\PROYECTO_INVERNADERO\INVERNADERO_V5_PWM_NOT0.ASM 277 : Register in operand not in bank 0.  Ensure that bank bits are correct.
Warning[203] D:\UV\VI SEMESTRE\MICROS_ACTUALIZADO\PROYECTO_INVERNADERO\INVERNADERO_V5_PWM_NOT0.ASM 279 : Found opcode in column 1. (return)
Message[302] C:\PROGRAM FILES (X86)\MICROCHIP\MPASM SUITE\LCD_4BIT_16F877_D_E.INC 43 : Register in operand not in bank 0.  Ensure that bank bits are correct.
Message[302] C:\PROGRAM FILES (X86)\MICROCHIP\MPASM SUITE\LCD_4BIT_16F877_D_E.INC 84 : Register in operand not in bank 0.  Ensure that bank bits are correct.
Warning[205] D:\UV\VI SEMESTRE\MICROS_ACTUALIZADO\PROYECTO_INVERNADERO\INVERNADERO_V5_PWM_NOT0.ASM 294 : Found directive in column 1. (END)
