Warning[205] D:\UV\VI SEMESTRE\MICROS_ACTUALIZADO\PROYECTO_INVERNADERO\INVERNADERO_V3_PRUEBA.ASM 1 : Found directive in column 1. (LIST)
Warning[205] D:\UV\VI SEMESTRE\MICROS_ACTUALIZADO\PROYECTO_INVERNADERO\INVERNADERO_V3_PRUEBA.ASM 2 : Found directive in column 1. (INCLUDE)
Warning[205] D:\UV\VI SEMESTRE\MICROS_ACTUALIZADO\PROYECTO_INVERNADERO\INVERNADERO_V3_PRUEBA.ASM 3 : Found directive in column 1. (__CONFIG)
Message[302] D:\UV\VI SEMESTRE\MICROS_ACTUALIZADO\PROYECTO_INVERNADERO\INVERNADERO_V3_PRUEBA.ASM 54 : Register in operand not in bank 0.  Ensure that bank bits are correct.
Message[302] D:\UV\VI SEMESTRE\MICROS_ACTUALIZADO\PROYECTO_INVERNADERO\INVERNADERO_V3_PRUEBA.ASM 55 : Register in operand not in bank 0.  Ensure that bank bits are correct.
Message[302] D:\UV\VI SEMESTRE\MICROS_ACTUALIZADO\PROYECTO_INVERNADERO\INVERNADERO_V3_PRUEBA.ASM 58 : Register in operand not in bank 0.  Ensure that bank bits are correct.
Message[302] D:\UV\VI SEMESTRE\MICROS_ACTUALIZADO\PROYECTO_INVERNADERO\INVERNADERO_V3_PRUEBA.ASM 81 : Register in operand not in bank 0.  Ensure that bank bits are correct.
Message[302] D:\UV\VI SEMESTRE\MICROS_ACTUALIZADO\PROYECTO_INVERNADERO\INVERNADERO_V3_PRUEBA.ASM 99 : Register in operand not in bank 0.  Ensure that bank bits are correct.
Message[302] D:\UV\VI SEMESTRE\MICROS_ACTUALIZADO\PROYECTO_INVERNADERO\INVERNADERO_V3_PRUEBA.ASM 114 : Register in operand not in bank 0.  Ensure that bank bits are correct.
Warning[203] D:\UV\VI SEMESTRE\MICROS_ACTUALIZADO\PROYECTO_INVERNADERO\INVERNADERO_V3_PRUEBA.ASM 118 : Found opcode in column 1. (goto)
Warning[203] D:\UV\VI SEMESTRE\MICROS_ACTUALIZADO\PROYECTO_INVERNADERO\INVERNADERO_V3_PRUEBA.ASM 155 : Found opcode in column 1. (goto)
Warning[203] D:\UV\VI SEMESTRE\MICROS_ACTUALIZADO\PROYECTO_INVERNADERO\INVERNADERO_V3_PRUEBA.ASM 173 : Found opcode in column 1. (return)
Warning[203] D:\UV\VI SEMESTRE\MICROS_ACTUALIZADO\PROYECTO_INVERNADERO\INVERNADERO_V3_PRUEBA.ASM 195 : Found opcode in column 1. (return)
Message[305] D:\UV\VI SEMESTRE\MICROS_ACTUALIZADO\PROYECTO_INVERNADERO\INVERNADERO_V3_PRUEBA.ASM 199 : Using default destination of 1 (file).
Warning[203] D:\UV\VI SEMESTRE\MICROS_ACTUALIZADO\PROYECTO_INVERNADERO\INVERNADERO_V3_PRUEBA.ASM 200 : Found opcode in column 1. (return)
Warning[203] D:\UV\VI SEMESTRE\MICROS_ACTUALIZADO\PROYECTO_INVERNADERO\INVERNADERO_V3_PRUEBA.ASM 218 : Found opcode in column 1. (return)
Warning[203] D:\UV\VI SEMESTRE\MICROS_ACTUALIZADO\PROYECTO_INVERNADERO\INVERNADERO_V3_PRUEBA.ASM 224 : Found opcode in column 1. (return)
Warning[207] D:\UV\VI SEMESTRE\MICROS_ACTUALIZADO\PROYECTO_INVERNADERO\INVERNADERO_V3_PRUEBA.ASM 228 : Found label after column 1. (M0)
Warning[207] D:\UV\VI SEMESTRE\MICROS_ACTUALIZADO\PROYECTO_INVERNADERO\INVERNADERO_V3_PRUEBA.ASM 230 : Found label after column 1. (M1)
Warning[207] D:\UV\VI SEMESTRE\MICROS_ACTUALIZADO\PROYECTO_INVERNADERO\INVERNADERO_V3_PRUEBA.ASM 232 : Found label after column 1. (M2)
Warning[207] D:\UV\VI SEMESTRE\MICROS_ACTUALIZADO\PROYECTO_INVERNADERO\INVERNADERO_V3_PRUEBA.ASM 234 : Found label after column 1. (M3)
Warning[203] D:\UV\VI SEMESTRE\MICROS_ACTUALIZADO\PROYECTO_INVERNADERO\INVERNADERO_V3_PRUEBA.ASM 243 : Found opcode in column 1. (return)
Warning[203] D:\UV\VI SEMESTRE\MICROS_ACTUALIZADO\PROYECTO_INVERNADERO\INVERNADERO_V3_PRUEBA.ASM 256 : Found opcode in column 1. (return)
Message[302] D:\UV\VI SEMESTRE\MICROS_ACTUALIZADO\PROYECTO_INVERNADERO\INVERNADERO_V3_PRUEBA.ASM 261 : Register in operand not in bank 0.  Ensure that bank bits are correct.
Message[302] C:\PROGRAM FILES (X86)\MICROCHIP\MPASM SUITE\LCD_4BIT_16F877_D_E.INC 43 : Register in operand not in bank 0.  Ensure that bank bits are correct.
Message[302] C:\PROGRAM FILES (X86)\MICROCHIP\MPASM SUITE\LCD_4BIT_16F877_D_E.INC 84 : Register in operand not in bank 0.  Ensure that bank bits are correct.
Warning[205] D:\UV\VI SEMESTRE\MICROS_ACTUALIZADO\PROYECTO_INVERNADERO\INVERNADERO_V3_PRUEBA.ASM 272 : Found directive in column 1. (END)
