Warning[205] D:\UV\VI SEMESTRE\MICROS_ACTUALIZADO\PROYECTO_INVERNADERO\INVERNADERO_V3_TIMER.ASM 1 : Found directive in column 1. (LIST)
Warning[205] D:\UV\VI SEMESTRE\MICROS_ACTUALIZADO\PROYECTO_INVERNADERO\INVERNADERO_V3_TIMER.ASM 2 : Found directive in column 1. (INCLUDE)
Warning[205] D:\UV\VI SEMESTRE\MICROS_ACTUALIZADO\PROYECTO_INVERNADERO\INVERNADERO_V3_TIMER.ASM 3 : Found directive in column 1. (__CONFIG)
Message[302] D:\UV\VI SEMESTRE\MICROS_ACTUALIZADO\PROYECTO_INVERNADERO\INVERNADERO_V3_TIMER.ASM 64 : Register in operand not in bank 0.  Ensure that bank bits are correct.
Message[302] D:\UV\VI SEMESTRE\MICROS_ACTUALIZADO\PROYECTO_INVERNADERO\INVERNADERO_V3_TIMER.ASM 73 : Register in operand not in bank 0.  Ensure that bank bits are correct.
Message[302] D:\UV\VI SEMESTRE\MICROS_ACTUALIZADO\PROYECTO_INVERNADERO\INVERNADERO_V3_TIMER.ASM 74 : Register in operand not in bank 0.  Ensure that bank bits are correct.
Message[302] D:\UV\VI SEMESTRE\MICROS_ACTUALIZADO\PROYECTO_INVERNADERO\INVERNADERO_V3_TIMER.ASM 77 : Register in operand not in bank 0.  Ensure that bank bits are correct.
Error[113]   D:\UV\VI SEMESTRE\MICROS_ACTUALIZADO\PROYECTO_INVERNADERO\INVERNADERO_V3_TIMER.ASM 101 : Symbol not previously defined (Reloj)
Message[302] D:\UV\VI SEMESTRE\MICROS_ACTUALIZADO\PROYECTO_INVERNADERO\INVERNADERO_V3_TIMER.ASM 120 : Register in operand not in bank 0.  Ensure that bank bits are correct.
Message[302] D:\UV\VI SEMESTRE\MICROS_ACTUALIZADO\PROYECTO_INVERNADERO\INVERNADERO_V3_TIMER.ASM 135 : Register in operand not in bank 0.  Ensure that bank bits are correct.
Warning[203] D:\UV\VI SEMESTRE\MICROS_ACTUALIZADO\PROYECTO_INVERNADERO\INVERNADERO_V3_TIMER.ASM 139 : Found opcode in column 1. (goto)
Warning[203] D:\UV\VI SEMESTRE\MICROS_ACTUALIZADO\PROYECTO_INVERNADERO\INVERNADERO_V3_TIMER.ASM 176 : Found opcode in column 1. (return)
Warning[203] D:\UV\VI SEMESTRE\MICROS_ACTUALIZADO\PROYECTO_INVERNADERO\INVERNADERO_V3_TIMER.ASM 194 : Found opcode in column 1. (return)
Warning[203] D:\UV\VI SEMESTRE\MICROS_ACTUALIZADO\PROYECTO_INVERNADERO\INVERNADERO_V3_TIMER.ASM 216 : Found opcode in column 1. (return)
Message[305] D:\UV\VI SEMESTRE\MICROS_ACTUALIZADO\PROYECTO_INVERNADERO\INVERNADERO_V3_TIMER.ASM 220 : Using default destination of 1 (file).
Warning[203] D:\UV\VI SEMESTRE\MICROS_ACTUALIZADO\PROYECTO_INVERNADERO\INVERNADERO_V3_TIMER.ASM 221 : Found opcode in column 1. (return)
Warning[203] D:\UV\VI SEMESTRE\MICROS_ACTUALIZADO\PROYECTO_INVERNADERO\INVERNADERO_V3_TIMER.ASM 239 : Found opcode in column 1. (return)
Warning[203] D:\UV\VI SEMESTRE\MICROS_ACTUALIZADO\PROYECTO_INVERNADERO\INVERNADERO_V3_TIMER.ASM 245 : Found opcode in column 1. (return)
Warning[207] D:\UV\VI SEMESTRE\MICROS_ACTUALIZADO\PROYECTO_INVERNADERO\INVERNADERO_V3_TIMER.ASM 249 : Found label after column 1. (M0)
Warning[207] D:\UV\VI SEMESTRE\MICROS_ACTUALIZADO\PROYECTO_INVERNADERO\INVERNADERO_V3_TIMER.ASM 251 : Found label after column 1. (M1)
Warning[207] D:\UV\VI SEMESTRE\MICROS_ACTUALIZADO\PROYECTO_INVERNADERO\INVERNADERO_V3_TIMER.ASM 253 : Found label after column 1. (M2)
Warning[207] D:\UV\VI SEMESTRE\MICROS_ACTUALIZADO\PROYECTO_INVERNADERO\INVERNADERO_V3_TIMER.ASM 255 : Found label after column 1. (M3)
Warning[203] D:\UV\VI SEMESTRE\MICROS_ACTUALIZADO\PROYECTO_INVERNADERO\INVERNADERO_V3_TIMER.ASM 264 : Found opcode in column 1. (return)
Warning[203] D:\UV\VI SEMESTRE\MICROS_ACTUALIZADO\PROYECTO_INVERNADERO\INVERNADERO_V3_TIMER.ASM 277 : Found opcode in column 1. (return)
Message[302] C:\PROGRAM FILES (X86)\MICROCHIP\MPASM SUITE\LCD_4BIT_16F877_D_E.INC 43 : Register in operand not in bank 0.  Ensure that bank bits are correct.
Message[302] C:\PROGRAM FILES (X86)\MICROCHIP\MPASM SUITE\LCD_4BIT_16F877_D_E.INC 84 : Register in operand not in bank 0.  Ensure that bank bits are correct.
Warning[205] D:\UV\VI SEMESTRE\MICROS_ACTUALIZADO\PROYECTO_INVERNADERO\INVERNADERO_V3_TIMER.ASM 285 : Found directive in column 1. (END)
