Warning[205] D:\UV\VI SEMESTRE\MICROS_ACTUALIZADO\PROYECTO_INVERNADERO\INVERNADERO_V5_PWM_T0.ASM 1 : Found directive in column 1. (LIST)
Warning[205] D:\UV\VI SEMESTRE\MICROS_ACTUALIZADO\PROYECTO_INVERNADERO\INVERNADERO_V5_PWM_T0.ASM 2 : Found directive in column 1. (INCLUDE)
Warning[205] D:\UV\VI SEMESTRE\MICROS_ACTUALIZADO\PROYECTO_INVERNADERO\INVERNADERO_V5_PWM_T0.ASM 3 : Found directive in column 1. (__CONFIG)
Warning[207] D:\UV\VI SEMESTRE\MICROS_ACTUALIZADO\PROYECTO_INVERNADERO\INVERNADERO_V5_PWM_T0.ASM 30 : Found label after column 1. (CargaTMR0)
Warning[207] D:\UV\VI SEMESTRE\MICROS_ACTUALIZADO\PROYECTO_INVERNADERO\INVERNADERO_V5_PWM_T0.ASM 31 : Found label after column 1. (TMR0_1s)
Warning[207] D:\UV\VI SEMESTRE\MICROS_ACTUALIZADO\PROYECTO_INVERNADERO\INVERNADERO_V5_PWM_T0.ASM 32 : Found label after column 1. (TMR0_5s)
Warning[207] D:\UV\VI SEMESTRE\MICROS_ACTUALIZADO\PROYECTO_INVERNADERO\INVERNADERO_V5_PWM_T0.ASM 33 : Found label after column 1. (COM_MS)
Warning[207] D:\UV\VI SEMESTRE\MICROS_ACTUALIZADO\PROYECTO_INVERNADERO\INVERNADERO_V5_PWM_T0.ASM 34 : Found label after column 1. (COM_H)
Message[302] D:\UV\VI SEMESTRE\MICROS_ACTUALIZADO\PROYECTO_INVERNADERO\INVERNADERO_V5_PWM_T0.ASM 80 : Register in operand not in bank 0.  Ensure that bank bits are correct.
Message[302] D:\UV\VI SEMESTRE\MICROS_ACTUALIZADO\PROYECTO_INVERNADERO\INVERNADERO_V5_PWM_T0.ASM 83 : Register in operand not in bank 0.  Ensure that bank bits are correct.
Message[302] D:\UV\VI SEMESTRE\MICROS_ACTUALIZADO\PROYECTO_INVERNADERO\INVERNADERO_V5_PWM_T0.ASM 84 : Register in operand not in bank 0.  Ensure that bank bits are correct.
Message[302] D:\UV\VI SEMESTRE\MICROS_ACTUALIZADO\PROYECTO_INVERNADERO\INVERNADERO_V5_PWM_T0.ASM 87 : Register in operand not in bank 0.  Ensure that bank bits are correct.
Message[302] D:\UV\VI SEMESTRE\MICROS_ACTUALIZADO\PROYECTO_INVERNADERO\INVERNADERO_V5_PWM_T0.ASM 112 : Register in operand not in bank 0.  Ensure that bank bits are correct.
Message[302] D:\UV\VI SEMESTRE\MICROS_ACTUALIZADO\PROYECTO_INVERNADERO\INVERNADERO_V5_PWM_T0.ASM 153 : Register in operand not in bank 0.  Ensure that bank bits are correct.
Message[302] D:\UV\VI SEMESTRE\MICROS_ACTUALIZADO\PROYECTO_INVERNADERO\INVERNADERO_V5_PWM_T0.ASM 170 : Register in operand not in bank 0.  Ensure that bank bits are correct.
Warning[203] D:\UV\VI SEMESTRE\MICROS_ACTUALIZADO\PROYECTO_INVERNADERO\INVERNADERO_V5_PWM_T0.ASM 212 : Found opcode in column 1. (return)
Warning[203] D:\UV\VI SEMESTRE\MICROS_ACTUALIZADO\PROYECTO_INVERNADERO\INVERNADERO_V5_PWM_T0.ASM 230 : Found opcode in column 1. (return)
Warning[203] D:\UV\VI SEMESTRE\MICROS_ACTUALIZADO\PROYECTO_INVERNADERO\INVERNADERO_V5_PWM_T0.ASM 252 : Found opcode in column 1. (return)
Message[305] D:\UV\VI SEMESTRE\MICROS_ACTUALIZADO\PROYECTO_INVERNADERO\INVERNADERO_V5_PWM_T0.ASM 256 : Using default destination of 1 (file).
Warning[203] D:\UV\VI SEMESTRE\MICROS_ACTUALIZADO\PROYECTO_INVERNADERO\INVERNADERO_V5_PWM_T0.ASM 257 : Found opcode in column 1. (return)
Warning[203] D:\UV\VI SEMESTRE\MICROS_ACTUALIZADO\PROYECTO_INVERNADERO\INVERNADERO_V5_PWM_T0.ASM 275 : Found opcode in column 1. (return)
Warning[203] D:\UV\VI SEMESTRE\MICROS_ACTUALIZADO\PROYECTO_INVERNADERO\INVERNADERO_V5_PWM_T0.ASM 281 : Found opcode in column 1. (return)
Warning[207] D:\UV\VI SEMESTRE\MICROS_ACTUALIZADO\PROYECTO_INVERNADERO\INVERNADERO_V5_PWM_T0.ASM 285 : Found label after column 1. (M0)
Warning[207] D:\UV\VI SEMESTRE\MICROS_ACTUALIZADO\PROYECTO_INVERNADERO\INVERNADERO_V5_PWM_T0.ASM 287 : Found label after column 1. (M1)
Warning[207] D:\UV\VI SEMESTRE\MICROS_ACTUALIZADO\PROYECTO_INVERNADERO\INVERNADERO_V5_PWM_T0.ASM 289 : Found label after column 1. (M2)
Warning[207] D:\UV\VI SEMESTRE\MICROS_ACTUALIZADO\PROYECTO_INVERNADERO\INVERNADERO_V5_PWM_T0.ASM 291 : Found label after column 1. (M3)
Warning[203] D:\UV\VI SEMESTRE\MICROS_ACTUALIZADO\PROYECTO_INVERNADERO\INVERNADERO_V5_PWM_T0.ASM 300 : Found opcode in column 1. (return)
Warning[203] D:\UV\VI SEMESTRE\MICROS_ACTUALIZADO\PROYECTO_INVERNADERO\INVERNADERO_V5_PWM_T0.ASM 314 : Found opcode in column 1. (return)
Message[302] D:\UV\VI SEMESTRE\MICROS_ACTUALIZADO\PROYECTO_INVERNADERO\INVERNADERO_V5_PWM_T0.ASM 319 : Register in operand not in bank 0.  Ensure that bank bits are correct.
Warning[203] D:\UV\VI SEMESTRE\MICROS_ACTUALIZADO\PROYECTO_INVERNADERO\INVERNADERO_V5_PWM_T0.ASM 322 : Found opcode in column 1. (return)
Message[302] D:\UV\VI SEMESTRE\MICROS_ACTUALIZADO\PROYECTO_INVERNADERO\INVERNADERO_V5_PWM_T0.ASM 327 : Register in operand not in bank 0.  Ensure that bank bits are correct.
Warning[203] D:\UV\VI SEMESTRE\MICROS_ACTUALIZADO\PROYECTO_INVERNADERO\INVERNADERO_V5_PWM_T0.ASM 329 : Found opcode in column 1. (return)
Warning[203] D:\UV\VI SEMESTRE\MICROS_ACTUALIZADO\PROYECTO_INVERNADERO\INVERNADERO_V5_PWM_T0.ASM 335 : Found opcode in column 1. (return)
Warning[207] D:\UV\VI SEMESTRE\MICROS_ACTUALIZADO\PROYECTO_INVERNADERO\INVERNADERO_V5_PWM_T0.ASM 338 : Found label after column 1. (S_S)
Message[305] D:\UV\VI SEMESTRE\MICROS_ACTUALIZADO\PROYECTO_INVERNADERO\INVERNADERO_V5_PWM_T0.ASM 339 : Using default destination of 1 (file).
Message[305] D:\UV\VI SEMESTRE\MICROS_ACTUALIZADO\PROYECTO_INVERNADERO\INVERNADERO_V5_PWM_T0.ASM 343 : Using default destination of 1 (file).
Warning[207] D:\UV\VI SEMESTRE\MICROS_ACTUALIZADO\PROYECTO_INVERNADERO\INVERNADERO_V5_PWM_T0.ASM 349 : Found label after column 1. (retorno_seg)
Message[305] D:\UV\VI SEMESTRE\MICROS_ACTUALIZADO\PROYECTO_INVERNADERO\INVERNADERO_V5_PWM_T0.ASM 350 : Using default destination of 1 (file).
Warning[207] D:\UV\VI SEMESTRE\MICROS_ACTUALIZADO\PROYECTO_INVERNADERO\INVERNADERO_V5_PWM_T0.ASM 354 : Found label after column 1. (S_M)
Message[305] D:\UV\VI SEMESTRE\MICROS_ACTUALIZADO\PROYECTO_INVERNADERO\INVERNADERO_V5_PWM_T0.ASM 358 : Using default destination of 1 (file).
Warning[207] D:\UV\VI SEMESTRE\MICROS_ACTUALIZADO\PROYECTO_INVERNADERO\INVERNADERO_V5_PWM_T0.ASM 364 : Found label after column 1. (retorno_min)
Message[305] D:\UV\VI SEMESTRE\MICROS_ACTUALIZADO\PROYECTO_INVERNADERO\INVERNADERO_V5_PWM_T0.ASM 365 : Using default destination of 1 (file).
Warning[207] D:\UV\VI SEMESTRE\MICROS_ACTUALIZADO\PROYECTO_INVERNADERO\INVERNADERO_V5_PWM_T0.ASM 369 : Found label after column 1. (S_H)
Message[305] D:\UV\VI SEMESTRE\MICROS_ACTUALIZADO\PROYECTO_INVERNADERO\INVERNADERO_V5_PWM_T0.ASM 372 : Using default destination of 1 (file).
Message[305] D:\UV\VI SEMESTRE\MICROS_ACTUALIZADO\PROYECTO_INVERNADERO\INVERNADERO_V5_PWM_T0.ASM 373 : Using default destination of 1 (file).
Warning[207] D:\UV\VI SEMESTRE\MICROS_ACTUALIZADO\PROYECTO_INVERNADERO\INVERNADERO_V5_PWM_T0.ASM 379 : Found label after column 1. (limpieza_reloj)
Warning[203] D:\UV\VI SEMESTRE\MICROS_ACTUALIZADO\PROYECTO_INVERNADERO\INVERNADERO_V5_PWM_T0.ASM 390 : Found opcode in column 1. (return)
Message[302] C:\PROGRAM FILES (X86)\MICROCHIP\MPASM SUITE\LCD_4BIT_16F877_D_E.INC 43 : Register in operand not in bank 0.  Ensure that bank bits are correct.
Message[302] C:\PROGRAM FILES (X86)\MICROCHIP\MPASM SUITE\LCD_4BIT_16F877_D_E.INC 84 : Register in operand not in bank 0.  Ensure that bank bits are correct.
Warning[205] D:\UV\VI SEMESTRE\MICROS_ACTUALIZADO\PROYECTO_INVERNADERO\INVERNADERO_V5_PWM_T0.ASM 405 : Found directive in column 1. (END)
