Warning[205] D:\UV\VI SEMESTRE\MICROS_ACTUALIZADO\PROYECTO_INVERNADERO\INVERNADERO_V2.ASM 1 : Found directive in column 1. (LIST)
Warning[205] D:\UV\VI SEMESTRE\MICROS_ACTUALIZADO\PROYECTO_INVERNADERO\INVERNADERO_V2.ASM 2 : Found directive in column 1. (INCLUDE)
Warning[205] D:\UV\VI SEMESTRE\MICROS_ACTUALIZADO\PROYECTO_INVERNADERO\INVERNADERO_V2.ASM 4 : Found directive in column 1. (__CONFIG)
Message[302] D:\UV\VI SEMESTRE\MICROS_ACTUALIZADO\PROYECTO_INVERNADERO\INVERNADERO_V2.ASM 45 : Register in operand not in bank 0.  Ensure that bank bits are correct.
Message[302] D:\UV\VI SEMESTRE\MICROS_ACTUALIZADO\PROYECTO_INVERNADERO\INVERNADERO_V2.ASM 46 : Register in operand not in bank 0.  Ensure that bank bits are correct.
Message[302] D:\UV\VI SEMESTRE\MICROS_ACTUALIZADO\PROYECTO_INVERNADERO\INVERNADERO_V2.ASM 49 : Register in operand not in bank 0.  Ensure that bank bits are correct.
Message[302] D:\UV\VI SEMESTRE\MICROS_ACTUALIZADO\PROYECTO_INVERNADERO\INVERNADERO_V2.ASM 76 : Register in operand not in bank 0.  Ensure that bank bits are correct.
Message[302] D:\UV\VI SEMESTRE\MICROS_ACTUALIZADO\PROYECTO_INVERNADERO\INVERNADERO_V2.ASM 91 : Register in operand not in bank 0.  Ensure that bank bits are correct.
Warning[203] D:\UV\VI SEMESTRE\MICROS_ACTUALIZADO\PROYECTO_INVERNADERO\INVERNADERO_V2.ASM 95 : Found opcode in column 1. (goto)
Warning[203] D:\UV\VI SEMESTRE\MICROS_ACTUALIZADO\PROYECTO_INVERNADERO\INVERNADERO_V2.ASM 130 : Found opcode in column 1. (goto)
Message[305] D:\UV\VI SEMESTRE\MICROS_ACTUALIZADO\PROYECTO_INVERNADERO\INVERNADERO_V2.ASM 133 : Using default destination of 1 (file).
Message[305] D:\UV\VI SEMESTRE\MICROS_ACTUALIZADO\PROYECTO_INVERNADERO\INVERNADERO_V2.ASM 135 : Using default destination of 1 (file).
Warning[203] D:\UV\VI SEMESTRE\MICROS_ACTUALIZADO\PROYECTO_INVERNADERO\INVERNADERO_V2.ASM 151 : Found opcode in column 1. (return)
Message[305] D:\UV\VI SEMESTRE\MICROS_ACTUALIZADO\PROYECTO_INVERNADERO\INVERNADERO_V2.ASM 154 : Using default destination of 1 (file).
Warning[203] D:\UV\VI SEMESTRE\MICROS_ACTUALIZADO\PROYECTO_INVERNADERO\INVERNADERO_V2.ASM 168 : Found opcode in column 1. (return)
Message[305] D:\UV\VI SEMESTRE\MICROS_ACTUALIZADO\PROYECTO_INVERNADERO\INVERNADERO_V2.ASM 172 : Using default destination of 1 (file).
Warning[203] D:\UV\VI SEMESTRE\MICROS_ACTUALIZADO\PROYECTO_INVERNADERO\INVERNADERO_V2.ASM 175 : Found opcode in column 1. (return)
Message[305] D:\UV\VI SEMESTRE\MICROS_ACTUALIZADO\PROYECTO_INVERNADERO\INVERNADERO_V2.ASM 179 : Using default destination of 1 (file).
Warning[203] D:\UV\VI SEMESTRE\MICROS_ACTUALIZADO\PROYECTO_INVERNADERO\INVERNADERO_V2.ASM 182 : Found opcode in column 1. (return)
Warning[203] D:\UV\VI SEMESTRE\MICROS_ACTUALIZADO\PROYECTO_INVERNADERO\INVERNADERO_V2.ASM 188 : Found opcode in column 1. (return)
Warning[207] D:\UV\VI SEMESTRE\MICROS_ACTUALIZADO\PROYECTO_INVERNADERO\INVERNADERO_V2.ASM 192 : Found label after column 1. (M0)
Warning[207] D:\UV\VI SEMESTRE\MICROS_ACTUALIZADO\PROYECTO_INVERNADERO\INVERNADERO_V2.ASM 194 : Found label after column 1. (M1)
Warning[207] D:\UV\VI SEMESTRE\MICROS_ACTUALIZADO\PROYECTO_INVERNADERO\INVERNADERO_V2.ASM 196 : Found label after column 1. (M2)
Warning[207] D:\UV\VI SEMESTRE\MICROS_ACTUALIZADO\PROYECTO_INVERNADERO\INVERNADERO_V2.ASM 198 : Found label after column 1. (M3)
Warning[203] D:\UV\VI SEMESTRE\MICROS_ACTUALIZADO\PROYECTO_INVERNADERO\INVERNADERO_V2.ASM 207 : Found opcode in column 1. (return)
Warning[203] D:\UV\VI SEMESTRE\MICROS_ACTUALIZADO\PROYECTO_INVERNADERO\INVERNADERO_V2.ASM 220 : Found opcode in column 1. (return)
Message[302] C:\PROGRAM FILES (X86)\MICROCHIP\MPASM SUITE\LCD_4BIT_16F877_D_E.INC 43 : Register in operand not in bank 0.  Ensure that bank bits are correct.
Message[302] C:\PROGRAM FILES (X86)\MICROCHIP\MPASM SUITE\LCD_4BIT_16F877_D_E.INC 84 : Register in operand not in bank 0.  Ensure that bank bits are correct.
Warning[205] D:\UV\VI SEMESTRE\MICROS_ACTUALIZADO\PROYECTO_INVERNADERO\INVERNADERO_V2.ASM 228 : Found directive in column 1. (END)
